0 info it worked if it ends with ok
1 verbose cli [ '/Users/brianweaver/.nvm/versions/node/v6.11.1/bin/node',
1 verbose cli   '/Users/brianweaver/.nvm/versions/node/v6.11.1/bin/npm',
1 verbose cli   'run',
1 verbose cli   'test' ]
2 info using npm@3.10.10
3 info using node@v6.11.1
4 verbose run-script [ 'pretest', 'test', 'posttest' ]
5 info lifecycle rails-flip-flop@0.0.3~pretest: rails-flip-flop@0.0.3
6 silly lifecycle rails-flip-flop@0.0.3~pretest: no script for pretest, continuing
7 info lifecycle rails-flip-flop@0.0.3~test: rails-flip-flop@0.0.3
8 verbose lifecycle rails-flip-flop@0.0.3~test: unsafe-perm in lifecycle true
9 verbose lifecycle rails-flip-flop@0.0.3~test: PATH: /Users/brianweaver/.nvm/versions/node/v6.11.1/lib/node_modules/npm/bin/node-gyp-bin:/Users/brianweaver/bin/vscode-extensions/rails-flip-flop/node_modules/.bin:/Users/brianweaver/.rbenv/shims:/Users/brianweaver/pco-box/bin:/Users/brianweaver/.nvm/versions/node/v6.11.1/bin:/Users/brianweaver/.cargo/bin:/usr/local/bin:/usr/bin:/bin:/usr/sbin:/sbin:/Users/brianweaver/pco-box/bin:node_modules/.bin:/Users/brianweaver/Downloads/android-sdk-macosx/tools:/Users/brianweaver/bin:/Users/brianwe/.composer/vendor/bin:vendor/bin:/Users/brianweaver/.rbenv/shims:/Users/brianweaver/.cargo/bin:/Applications/Postgres.app/Contents/Versions/latest/bin:/usr/local/opt/fzf/bin:/Users/brianweaver/Code/pco/bin:/Users/brianweaver/Code/pco/bin
10 verbose lifecycle rails-flip-flop@0.0.3~test: CWD: /Users/brianweaver/bin/vscode-extensions/rails-flip-flop
11 silly lifecycle rails-flip-flop@0.0.3~test: Args: [ '-c',
11 silly lifecycle   'npm run compile && node ./node_modules/vscode/bin/test' ]
12 silly lifecycle rails-flip-flop@0.0.3~test: Returned: code: 1  signal: null
13 info lifecycle rails-flip-flop@0.0.3~test: Failed to exec test script
14 verbose stack Error: rails-flip-flop@0.0.3 test: `npm run compile && node ./node_modules/vscode/bin/test`
14 verbose stack Exit status 1
14 verbose stack     at EventEmitter.<anonymous> (/Users/brianweaver/.nvm/versions/node/v6.11.1/lib/node_modules/npm/lib/utils/lifecycle.js:255:16)
14 verbose stack     at emitTwo (events.js:106:13)
14 verbose stack     at EventEmitter.emit (events.js:191:7)
14 verbose stack     at ChildProcess.<anonymous> (/Users/brianweaver/.nvm/versions/node/v6.11.1/lib/node_modules/npm/lib/utils/spawn.js:40:14)
14 verbose stack     at emitTwo (events.js:106:13)
14 verbose stack     at ChildProcess.emit (events.js:191:7)
14 verbose stack     at maybeClose (internal/child_process.js:891:16)
14 verbose stack     at Process.ChildProcess._handle.onexit (internal/child_process.js:226:5)
15 verbose pkgid rails-flip-flop@0.0.3
16 verbose cwd /Users/brianweaver/bin/vscode-extensions/rails-flip-flop
17 error Darwin 17.4.0
18 error argv "/Users/brianweaver/.nvm/versions/node/v6.11.1/bin/node" "/Users/brianweaver/.nvm/versions/node/v6.11.1/bin/npm" "run" "test"
19 error node v6.11.1
20 error npm  v3.10.10
21 error code ELIFECYCLE
22 error rails-flip-flop@0.0.3 test: `npm run compile && node ./node_modules/vscode/bin/test`
22 error Exit status 1
23 error Failed at the rails-flip-flop@0.0.3 test script 'npm run compile && node ./node_modules/vscode/bin/test'.
23 error Make sure you have the latest version of node.js and npm installed.
23 error If you do, this is most likely a problem with the rails-flip-flop package,
23 error not with npm itself.
23 error Tell the author that this fails on your system:
23 error     npm run compile && node ./node_modules/vscode/bin/test
23 error You can get information on how to open an issue for this project with:
23 error     npm bugs rails-flip-flop
23 error Or if that isn't available, you can get their info via:
23 error     npm owner ls rails-flip-flop
23 error There is likely additional logging output above.
24 verbose exit [ 1, true ]
